#
# There is insufficient memory for the Java Runtime Environment to continue.
# Native memory allocation (mmap) failed to map 268435456 bytes for G1 virtual space
# Possible reasons:
#   The system is out of physical RAM or swap space
#   The process is running with CompressedOops enabled, and the Java Heap may be blocking the growth of the native heap
# Possible solutions:
#   Reduce memory load on the system
#   Increase physical memory or swap space
#   Check if swap backing store is full
#   Decrease Java heap size (-Xmx/-Xms)
#   Decrease number of Java threads
#   Decrease Java thread stack sizes (-Xss)
#   Set larger code cache with -XX:ReservedCodeCacheSize=
#   JVM is running with Zero Based Compressed Oops mode in which the Java heap is
#     placed in the first 32GB address space. The Java Heap base address is the
#     maximum limit for the native heap growth. Please use -XX:HeapBaseMinAddress
#     to set the Java Heap base and to place the Java Heap above 32GB virtual address.
# This output file may be truncated or incomplete.
#
#  Out of Memory Error (os_windows.cpp:3548), pid=21580, tid=21196
#
# JRE version:  (17.0.5+8) (build )
# Java VM: OpenJDK 64-Bit Server VM (17.0.5+8, mixed mode, sharing, tiered, compressed oops, compressed class ptrs, g1 gc, windows-amd64)
# No core dump will be written. Minidumps are not enabled by default on client versions of Windows
#

---------------  S U M M A R Y ------------

Command Line: -Dfile.encoding=UTF-8 -XX:+ShowCodeDetailsInExceptionMessages testChange.Main

Host: Intel(R) Core(TM) i5-4570 CPU @ 3.20GHz, 4 cores, 15G,  Windows 10 , 64 bit Build 19041 (10.0.19041.2364)
Time: Fri Dec 16 11:34:23 2022 Europe de l , 64 bit Build 19041 (10.0.19041.2364) elapsed time: 0.010080 seconds (0d 0h 0m 0s)

---------------  T H R E A D  ---------------

Current thread (0x000002514f178830):  JavaThread "Unknown thread" [_thread_in_vm, id=21196, stack(0x000000957f400000,0x000000957f500000)]

Stack: [0x000000957f400000,0x000000957f500000]
Native frames: (J=compiled Java code, j=interpreted, Vv=VM code, C=native code)
V  [jvm.dll+0x676b3a]
V  [jvm.dll+0x831444]
V  [jvm.dll+0x832bee]
V  [jvm.dll+0x833253]
V  [jvm.dll+0x244ce5]
V  [jvm.dll+0x673a49]
V  [jvm.dll+0x66811a]
V  [jvm.dll+0x303ceb]
V  [jvm.dll+0x30b1e6]
V  [jvm.dll+0x35adbe]
V  [jvm.dll+0x35afef]
V  [jvm.dll+0x2dab88]
V  [jvm.dll+0x2dbaf4]
V  [jvm.dll+0x803121]
V  [jvm.dll+0x368bb1]
V  [jvm.dll+0x7e265c]
V  [jvm.dll+0x3eb17f]
V  [jvm.dll+0x3eccc1]
C  [jli.dll+0x5267]
C  [ucrtbase.dll+0x21bb2]
C  [KERNEL32.DLL+0x17614]
C  [ntdll.dll+0x526a1]


---------------  P R O C E S S  ---------------

Threads class SMR info:
_java_thread_list=0x00007ffdb7432f18, length=0, elements={
}

Java Threads: ( => current thread )

Other Threads:
  0x000002514f1e42e0 GCTaskThread "GC Thread#0" [stack: 0x000000957f500000,0x000000957f600000] [id=16628]
  0x000002514f1f5810 ConcurrentGCThread "G1 Main Marker" [stack: 0x000000957f600000,0x000000957f700000] [id=16908]
  0x000002514f1f6230 ConcurrentGCThread "G1 Conc#0" [stack: 0x000000957f700000,0x000000957f800000] [id=20628]

[error occurred during error reporting (printing all threads), id 0xc0000005, EXCEPTION_ACCESS_VIOLATION (0xc0000005) at pc=0x00007ffdb6c0b617]

VM state: not at safepoint (not fully initialized)

VM Mutex/Monitor currently owned by a thread:  ([mutex/lock_event])
[0x000002514f174d40] Heap_lock - owner thread: 0x000002514f178830

Heap address: 0x0000000701a00000, size: 4070 MB, Compressed Oops mode: Zero based, Oop shift amount: 3

CDS archive(s) mapped at: [0x0000000000000000-0x0000000000000000-0x0000000000000000), size 0, SharedBaseAddress: 0x0000000800000000, ArchiveRelocationMode: 0.
Narrow klass base: 0x0000000000000000, Narrow klass shift: 0, Narrow klass range: 0x0

GC Precious Log:
<Empty>

Heap:
 garbage-first heap   total 0K, used 0K [0x0000000701a00000, 0x0000000800000000)
  region size 2048K, 0 young (0K), 0 survivors (0K)

[error occurred during error reporting (printing heap information), id 0xc0000005, EXCEPTION_ACCESS_VIOLATION (0xc0000005) at pc=0x00007ffdb6fefcb9]

GC Heap History (0 events):
No events

Dll operation events (1 events):
Event: 0.006 Loaded shared library C:\Users\AigleShanoaAugsburge\.p2\pool\plugins\org.eclipse.justj.openjdk.hotspot.jre.full.win32.x86_64_17.0.5.v20221102-0933\jre\bin\java.dll

Deoptimization events (0 events):
No events

Classes unloaded (0 events):
No events

Classes redefined (0 events):
No events

Internal exceptions (0 events):
No events

VM Operations (0 events):
No events

Events (0 events):
No events


Dynamic libraries:
0x00007ff76c590000 - 0x00007ff76c59e000 	C:\Users\AigleShanoaAugsburge\.p2\pool\plugins\org.eclipse.justj.openjdk.hotspot.jre.full.win32.x86_64_17.0.5.v20221102-0933\jre\bin\javaw.exe
0x00007ffe07b90000 - 0x00007ffe07d88000 	C:\Windows\SYSTEM32\ntdll.dll
0x00007ffe05dd0000 - 0x00007ffe05e8f000 	C:\Windows\System32\KERNEL32.DLL
0x00007ffe053d0000 - 0x00007ffe056a2000 	C:\Windows\System32\KERNELBASE.dll
0x00007ffe05970000 - 0x00007ffe05a70000 	C:\Windows\System32\ucrtbase.dll
0x00007ffe00510000 - 0x00007ffe00527000 	C:\Users\AigleShanoaAugsburge\.p2\pool\plugins\org.eclipse.justj.openjdk.hotspot.jre.full.win32.x86_64_17.0.5.v20221102-0933\jre\bin\jli.dll
0x00007ffe003d0000 - 0x00007ffe003e9000 	C:\Users\AigleShanoaAugsburge\.p2\pool\plugins\org.eclipse.justj.openjdk.hotspot.jre.full.win32.x86_64_17.0.5.v20221102-0933\jre\bin\VCRUNTIME140.dll
0x00007ffe06650000 - 0x00007ffe067f1000 	C:\Windows\System32\USER32.dll
0x00007ffdfbfb0000 - 0x00007ffdfc24a000 	C:\Windows\WinSxS\amd64_microsoft.windows.common-controls_6595b64144ccf1df_6.0.19041.1110_none_60b5254171f9507e\COMCTL32.dll
0x00007ffe05280000 - 0x00007ffe052a2000 	C:\Windows\System32\win32u.dll
0x00007ffe061a0000 - 0x00007ffe0623e000 	C:\Windows\System32\msvcrt.dll
0x00007ffe05f80000 - 0x00007ffe05fab000 	C:\Windows\System32\GDI32.dll
0x00007ffe05a70000 - 0x00007ffe05b7f000 	C:\Windows\System32\gdi32full.dll
0x00007ffe058d0000 - 0x00007ffe0596d000 	C:\Windows\System32\msvcp_win.dll
0x00007ffe05e90000 - 0x00007ffe05ec2000 	C:\Windows\System32\IMM32.DLL
0x00007ffe00000000 - 0x00007ffe0000c000 	C:\Users\AigleShanoaAugsburge\.p2\pool\plugins\org.eclipse.justj.openjdk.hotspot.jre.full.win32.x86_64_17.0.5.v20221102-0933\jre\bin\vcruntime140_1.dll
0x00007ffde8730000 - 0x00007ffde87c1000 	C:\Users\AigleShanoaAugsburge\.p2\pool\plugins\org.eclipse.justj.openjdk.hotspot.jre.full.win32.x86_64_17.0.5.v20221102-0933\jre\bin\msvcp140.dll
0x00007ffdb6920000 - 0x00007ffdb7564000 	C:\Users\AigleShanoaAugsburge\.p2\pool\plugins\org.eclipse.justj.openjdk.hotspot.jre.full.win32.x86_64_17.0.5.v20221102-0933\jre\bin\server\jvm.dll
0x00007ffe06a30000 - 0x00007ffe06ade000 	C:\Windows\System32\ADVAPI32.dll
0x00007ffe07ab0000 - 0x00007ffe07b4c000 	C:\Windows\System32\sechost.dll
0x00007ffe05fb0000 - 0x00007ffe060d5000 	C:\Windows\System32\RPCRT4.dll
0x00007ffdfffe0000 - 0x00007ffdfffe9000 	C:\Windows\SYSTEM32\WSOCK32.dll
0x00007ffdfda00000 - 0x00007ffdfda27000 	C:\Windows\SYSTEM32\WINMM.dll
0x00007ffe06800000 - 0x00007ffe0686b000 	C:\Windows\System32\WS2_32.dll
0x00007ffdfd1a0000 - 0x00007ffdfd1aa000 	C:\Windows\SYSTEM32\VERSION.dll
0x00007ffe02f70000 - 0x00007ffe02f82000 	C:\Windows\SYSTEM32\kernel.appcore.dll
0x00007ffdffc20000 - 0x00007ffdffc2a000 	C:\Users\AigleShanoaAugsburge\.p2\pool\plugins\org.eclipse.justj.openjdk.hotspot.jre.full.win32.x86_64_17.0.5.v20221102-0933\jre\bin\jimage.dll
0x00007ffdff900000 - 0x00007ffdffae4000 	C:\Windows\SYSTEM32\DBGHELP.DLL
0x00007ffdff800000 - 0x00007ffdff835000 	C:\Windows\SYSTEM32\dbgcore.DLL
0x00007ffe05810000 - 0x00007ffe05892000 	C:\Windows\System32\bcryptPrimitives.dll
0x00007ffdf2040000 - 0x00007ffdf2065000 	C:\Users\AigleShanoaAugsburge\.p2\pool\plugins\org.eclipse.justj.openjdk.hotspot.jre.full.win32.x86_64_17.0.5.v20221102-0933\jre\bin\java.dll

dbghelp: loaded successfully - version: 4.0.5 - missing functions: none
symbol engine: initialized successfully - sym options: 0x614 - pdb path: .;C:\Users\AigleShanoaAugsburge\.p2\pool\plugins\org.eclipse.justj.openjdk.hotspot.jre.full.win32.x86_64_17.0.5.v20221102-0933\jre\bin;C:\Windows\SYSTEM32;C:\Windows\WinSxS\amd64_microsoft.windows.common-controls_6595b64144ccf1df_6.0.19041.1110_none_60b5254171f9507e;C:\Users\AigleShanoaAugsburge\.p2\pool\plugins\org.eclipse.justj.openjdk.hotspot.jre.full.win32.x86_64_17.0.5.v20221102-0933\jre\bin\server

VM Arguments:
jvm_args: -Dfile.encoding=UTF-8 -XX:+ShowCodeDetailsInExceptionMessages 
java_command: testChange.Main
java_class_path (initial): C:\Users\AigleShanoaAugsburge\Documents\JavaProjects\OrifLab\bin
Launcher Type: SUN_STANDARD

[Global flags]
     intx CICompilerCount                          = 3                                         {product} {ergonomic}
     uint ConcGCThreads                            = 1                                         {product} {ergonomic}
     uint G1ConcRefinementThreads                  = 4                                         {product} {ergonomic}
   size_t G1HeapRegionSize                         = 2097152                                   {product} {ergonomic}
    uintx GCDrainStackTargetSize                   = 64                                        {product} {ergonomic}
   size_t InitialHeapSize                          = 268435456                                 {product} {ergonomic}
   size_t MarkStackSize                            = 4194304                                   {product} {ergonomic}
   size_t MaxHeapSize                              = 4267704320                                {product} {ergonomic}
   size_t MinHeapDeltaBytes                        = 2097152                                   {product} {ergonomic}
   size_t MinHeapSize                              = 8388608                                   {product} {ergonomic}
    uintx NonNMethodCodeHeapSize                   = 5832780                                {pd product} {ergonomic}
    uintx NonProfiledCodeHeapSize                  = 122912730                              {pd product} {ergonomic}
    uintx ProfiledCodeHeapSize                     = 122912730                              {pd product} {ergonomic}
    uintx ReservedCodeCacheSize                    = 251658240                              {pd product} {ergonomic}
     bool SegmentedCodeCache                       = true                                      {product} {ergonomic}
     bool ShowCodeDetailsInExceptionMessages       = true                                   {manageable} {command line}
   size_t SoftMaxHeapSize                          = 4267704320                             {manageable} {ergonomic}
     bool UseCompressedClassPointers               = true                           {product lp64_product} {ergonomic}
     bool UseCompressedOops                        = true                           {product lp64_product} {ergonomic}
     bool UseG1GC                                  = true                                      {product} {ergonomic}
     bool UseLargePagesIndividualAllocation        = false                                  {pd product} {ergonomic}

Logging:
Log output configuration:
 #0: stdout all=warning uptime,level,tags
 #1: stderr all=off uptime,level,tags

Environment Variables:
PATH=C:/Users/AigleShanoaAugsburge/.p2/pool/plugins/org.eclipse.justj.openjdk.hotspot.jre.full.win32.x86_64_17.0.5.v20221102-0933/jre/bin/server;C:/Users/AigleShanoaAugsburge/.p2/pool/plugins/org.eclipse.justj.openjdk.hotspot.jre.full.win32.x86_64_17.0.5.v20221102-0933/jre/bin;C:\Windows\system32;C:\Windows;C:\Windows\System32\Wbem;C:\Windows\System32\WindowsPowerShell\v1.0\;C:\Windows\System32\OpenSSH\;C:\Users\AigleShanoaAugsburge\AppData\Local\Microsoft\WindowsApps;C:\Users\AigleShanoaAugsburge\AppData\Local\gitkraken\bin;C:\Windows\system32;
USERNAME=AigleShanoaAugsburge
OS=Windows_NT
PROCESSOR_IDENTIFIER=Intel64 Family 6 Model 60 Stepping 3, GenuineIntel
TMP=C:\Users\AIGLES~2\AppData\Local\Temp
TEMP=C:\Users\AIGLES~2\AppData\Local\Temp



---------------  S Y S T E M  ---------------

OS:
 Windows 10 , 64 bit Build 19041 (10.0.19041.2364)
OS uptime: 0 days 11:26 hours

CPU: total 4 (initial active 4) (4 cores per cpu, 1 threads per core) family 6 model 60 stepping 3 microcode 0x27, cx8, cmov, fxsr, mmx, sse, sse2, sse3, ssse3, sse4.1, sse4.2, popcnt, lzcnt, tsc, tscinvbit, avx, avx2, aes, erms, clmul, bmi1, bmi2, fma, vzeroupper, clflush

Memory: 4k page, system-wide physical 16274M (7737M free)
TotalPageFile size 46011M (AvailPageFile size 5M)
current process WorkingSet (physical memory assigned to process): 10M, peak: 10M
current process commit charge ("private bytes"): 51M, peak: 307M

vm_info: OpenJDK 64-Bit Server VM (17.0.5+8) for windows-amd64 JRE (17.0.5+8), built on Oct 19 2022 04:48:13 by "temurin" with MS VC++ 16.7 (VS2019)

END.
